Arguments: 
  C:\Program Files\nodejs\node.exe C:\Users\mohamed.benali\AppData\Roaming\npm\node_modules\yarn\bin\yarn.js

PATH: 
  C:\Program Files\avs\bin;C:\Program Files\avs\bin32;C:\app\Mohamed.BENALI\product\11.2.0\client_1\bin;C:\Program Files (x86)\Common Files\Oracle\Java\javapath;C:\Program Files (x86)\Common Files\Intel\Shared Libraries\redist\intel64\compiler;C:\Windows\system32;C:\Windows;C:\Windows\System32\Wbem;C:\Windows\System32\WindowsPowerShell\v1.0\;C:\Windows\System32\OpenSSH\;C:\Program Files\nodejs\;C:\Program Files\Git\cmd;C:\Program Files\PuTTY\;C:\wamp64\bin\php\php7.3.1;C:\composer;C:\Users\mohamed.benali\AppData\Local\Microsoft\WindowsApps;C:\Users\mohamed.benali\AppData\Roaming\npm;C:\Users\mohamed.benali\AppData\Local\Programs\Microsoft VS Code\bin;C:\Users\mohamed.benali\AppData\Roaming\Composer\vendor\bin;C:\Users\mohamed.benali\AppData\Local\GitHubDesktop\bin

Yarn version: 
  1.22.4

Node version: 
  10.14.2

Platform: 
  win32 x64

Trace: 
  Error: https://registry.yarnpkg.com/bootstrap: tunneling socket could not be established, cause=getaddrinfo ENOTFOUND djezzyproxy.otalgerie.com djezzyproxy.otalgerie.com:8080
      at ClientRequest.onError (C:\Users\mohamed.benali\AppData\Roaming\npm\node_modules\yarn\lib\cli.js:152234:17)
      at Object.onceWrapper (events.js:273:13)
      at ClientRequest.emit (events.js:182:13)
      at Socket.socketErrorListener (_http_client.js:392:9)
      at Socket.emit (events.js:182:13)
      at emitErrorNT (internal/streams/destroy.js:82:8)
      at emitErrorAndCloseNT (internal/streams/destroy.js:50:3)
      at process._tickCallback (internal/process/next_tick.js:63:19)

npm manifest: 
  {
      "private": true,
      "scripts": {
          "dev": "npm run development",
          "development": "cross-env NODE_ENV=development node_modules/webpack/bin/webpack.js --progress --hide-modules --config=node_modules/laravel-mix/setup/webpack.config.js",
          "watch": "npm run development -- --watch",
          "watch-poll": "npm run watch -- --watch-poll",
          "hot": "cross-env NODE_ENV=development node_modules/webpack-dev-server/bin/webpack-dev-server.js --inline --hot --config=node_modules/laravel-mix/setup/webpack.config.js",
          "prod": "npm run production",
          "production": "cross-env NODE_ENV=production node_modules/webpack/bin/webpack.js --no-progress --hide-modules --config=node_modules/laravel-mix/setup/webpack.config.js"
      },
      "devDependencies": {
          "axios": "^0.19",
          "bootstrap": "^4.0.0",
          "cross-env": "^7.0",
          "jquery": "^3.2",
          "laravel-mix": "^5.0.1",
          "lodash": "^4.17.13",
          "popper.js": "^1.12",
          "resolve-url-loader": "^2.3.1",
          "sass": "^1.20.1",
          "sass-loader": "^8.0.0",
          "vue": "^2.5.17",
          "vue-template-compiler": "^2.6.10"
      },
      "dependencies": {
          "bootstrap": "^4.4.1"
      }
  }

yarn manifest: 
  No manifest

Lockfile: 
  No lockfile
